2026-04-02 18:49:21,504 - INFO - 🚀 전 타임프레임 동시 폭발 감시 시작! (노이즈 최소화 버전)
2026-04-02 18:49:21,504 - INFO - ----------------------------------------
2026-04-02 18:49:23,970 - INFO - 
========================================
2026-04-02 18:49:23,970 - INFO - 감시 대상: 244/244개 (스킵: 0개)
2026-04-02 18:49:23,970 - INFO - ========================================
2026-04-02 18:49:23,970 - INFO - ----------
2026-04-02 18:49:23,970 - INFO - 18:49:23 :: [1/244] ticker = KRW-WAXP
2026-04-02 18:49:24,173 - INFO - [KRW-WAXP] 일봉 전일 이하 → 스킵
2026-04-02 18:49:24,675 - INFO - ----------
2026-04-02 18:49:24,675 - INFO - 18:49:24 :: [2/244] ticker = KRW-CARV
2026-04-02 18:49:25,073 - INFO -  minutes240 = 0.06551291906384943
2026-04-02 18:49:25,375 - INFO -  minutes60 = 1.2087820790801305
2026-04-02 18:49:25,682 - INFO -  minutes15 = 0.003366110368225541
2026-04-02 18:49:26,003 - INFO -  minutes30 = 0.11245649675222756
2026-04-02 18:49:27,104 - INFO - ----------
2026-04-02 18:49:27,104 - INFO - 18:49:27 :: [3/244] ticker = KRW-LSK
2026-04-02 18:49:27,300 - INFO - [KRW-LSK] 일봉 전일 이하 → 스킵
2026-04-02 18:49:27,800 - INFO - ----------
2026-04-02 18:49:27,800 - INFO - 18:49:27 :: [4/244] ticker = KRW-0G
2026-04-02 18:49:28,006 - INFO - [KRW-0G] 일봉 전일 이하 → 스킵
2026-04-02 18:49:28,507 - INFO - ----------
2026-04-02 18:49:28,507 - INFO - 18:49:28 :: [5/244] ticker = KRW-BORA
2026-04-02 18:49:28,900 - INFO -  minutes240 = 0.6264932350942307
2026-04-02 18:49:29,204 - INFO -  minutes60 = 0.24431170755690723
2026-04-02 18:49:29,504 - INFO -  minutes15 = 2.8528193334748937
2026-04-02 18:49:29,800 - INFO -  minutes30 = 0.9866678276198535
2026-04-02 18:49:30,901 - INFO - ----------
2026-04-02 18:49:30,901 - INFO - 18:49:30 :: [6/244] ticker = KRW-PUNDIX
2026-04-02 18:49:31,117 - INFO - [KRW-PUNDIX] 일봉 전일 이하 → 스킵
2026-04-02 18:49:31,618 - INFO - ----------
2026-04-02 18:49:31,618 - INFO - 18:49:31 :: [7/244] ticker = KRW-USD1
2026-04-02 18:49:31,818 - INFO - [KRW-USD1] 일봉 전일 이하 → 스킵
2026-04-02 18:49:32,319 - INFO - ----------
2026-04-02 18:49:32,319 - INFO - 18:49:32 :: [8/244] ticker = KRW-BAT
2026-04-02 18:49:32,526 - INFO - [KRW-BAT] 일봉 전일 이하 → 스킵
2026-04-02 18:49:33,026 - INFO - ----------
2026-04-02 18:49:33,026 - INFO - 18:49:33 :: [9/244] ticker = KRW-HUNT
2026-04-02 18:49:33,231 - INFO - [KRW-HUNT] 일봉 전일 이하 → 스킵
2026-04-02 18:49:33,731 - INFO - ----------
2026-04-02 18:49:33,731 - INFO - 18:49:33 :: [10/244] ticker = KRW-PENGU
2026-04-02 18:49:33,941 - INFO - [KRW-PENGU] 일봉 전일 이하 → 스킵
2026-04-02 18:49:34,441 - INFO - ----------
2026-04-02 18:49:34,441 - INFO - 18:49:34 :: [11/244] ticker = KRW-FIL
2026-04-02 18:49:34,642 - INFO - [KRW-FIL] 일봉 전일 이하 → 스킵
2026-04-02 18:49:35,143 - INFO - ----------
2026-04-02 18:49:35,143 - INFO - 18:49:35 :: [12/244] ticker = KRW-BEAM
2026-04-02 18:49:35,344 - INFO - [KRW-BEAM] 일봉 전일 이하 → 스킵
2026-04-02 18:49:35,844 - INFO - ----------
2026-04-02 18:49:35,844 - INFO - 18:49:35 :: [13/244] ticker = KRW-DOOD
2026-04-02 18:49:36,041 - INFO - [KRW-DOOD] 일봉 전일 이하 → 스킵
2026-04-02 18:49:36,541 - INFO - ----------
2026-04-02 18:49:36,542 - INFO - 18:49:36 :: [14/244] ticker = KRW-WAVES
2026-04-02 18:49:36,750 - INFO - [KRW-WAVES] 일봉 전일 이하 → 스킵
2026-04-02 18:49:37,251 - INFO - ----------
2026-04-02 18:49:37,251 - INFO - 18:49:37 :: [15/244] ticker = KRW-USDC
2026-04-02 18:49:37,455 - INFO - [KRW-USDC] 일봉 전일 이하 → 스킵
